127.0.0.1 - - [09/Jan/2026 13:47:01] "GET /api/data HTTP/1.1" 200 -
127.0.0.1 - - [09/Jan/2026 13:47:01] "POST /api/save HTTP/1.1" 200 -
127.0.0.1 - - [09/Jan/2026 13:47:01] "POST /api/save HTTP/1.1" 409 -
Starting Local Bridge Server at http://localhost:8000
Root: /Users/sergiyzasorin/Fix_new
Serving App: /Users/sergiyzasorin/Fix_new/Docs/PROJECT_KANBAN.html
Auto-aggregation: every 300s
[Aggregator] Synced at 13:46:47
[Aggregator] Synced at 13:51:48
[Aggregator] Synced at 13:56:48
[Aggregator] Synced at 14:01:48
[Aggregator] Synced at 14:06:48
[Aggregator] Synced at 14:11:48
[Aggregator] Synced at 15:29:59
[Aggregator] Synced at 16:16:32
[Aggregator] Synced at 16:21:32
[Aggregator] Synced at 16:26:32
[Aggregator] Synced at 16:31:32
[Aggregator] Synced at 16:36:32
[Aggregator] Synced at 16:41:32
[Aggregator] Synced at 17:45:45
[Aggregator] Synced at 18:33:21
[Aggregator] Synced at 18:38:21
[Aggregator] Synced at 18:43:21
[Aggregator] Synced at 18:48:21
[Aggregator] Synced at 18:53:21
[Aggregator] Synced at 18:58:21
[Aggregator] Synced at 19:03:21
[Aggregator] Synced at 19:08:21
[Aggregator] Synced at 19:13:21
[Aggregator] Synced at 19:20:26
[Aggregator] Synced at 19:25:26
[Aggregator] Synced at 19:30:26
[Aggregator] Synced at 19:35:26
[Aggregator] Synced at 19:40:26
[Aggregator] Synced at 19:45:27
[Aggregator] Synced at 19:50:27
[Aggregator] Synced at 19:55:27
[Aggregator] Synced at 20:00:27
[Aggregator] Synced at 20:05:27
[Aggregator] Synced at 20:10:27
[Aggregator] Synced at 20:15:27
[Aggregator] Synced at 21:48:35
[Aggregator] Synced at 23:01:35
[Aggregator] Synced at 23:06:35
[Aggregator] Synced at 23:11:35
[Aggregator] Synced at 23:16:35
[Aggregator] Synced at 23:21:35
[Aggregator] Synced at 23:26:36
[Aggregator] Synced at 23:31:36
[Aggregator] Synced at 23:36:36
[Aggregator] Synced at 23:41:36
[Aggregator] Synced at 23:46:36
[Aggregator] Synced at 23:51:36
[Aggregator] Synced at 23:56:36
[Aggregator] Synced at 00:01:36
[Aggregator] Synced at 00:06:36
[Aggregator] Synced at 00:11:36
[Aggregator] Synced at 00:16:36
[Aggregator] Synced at 00:21:36
[Aggregator] Synced at 00:26:36
[Aggregator] Synced at 00:31:36
[Aggregator] Synced at 00:36:36
[Aggregator] Synced at 00:41:36
[Aggregator] Synced at 00:46:37
[Aggregator] Synced at 00:51:37
[Aggregator] Synced at 00:56:37
[Aggregator] Synced at 01:18:09
[Aggregator] Synced at 01:39:02
[Aggregator] Synced at 01:44:02
[Aggregator] Synced at 01:49:02
[Aggregator] Synced at 01:54:02
[Aggregator] Synced at 01:59:02
[Aggregator] Synced at 02:04:02
[Aggregator] Synced at 02:09:03
[Aggregator] Synced at 02:14:03
[Aggregator] Synced at 02:19:03
[Aggregator] Synced at 02:24:03
[Aggregator] Synced at 02:29:03
[Aggregator] Synced at 02:34:03
[Aggregator] Synced at 02:39:03
[Aggregator] Synced at 02:44:03
[Aggregator] Synced at 02:49:03
[Aggregator] Synced at 02:54:03
[Aggregator] Synced at 03:04:42
[Aggregator] Synced at 03:09:42
[Aggregator] Synced at 03:14:42
[Aggregator] Synced at 03:19:42
[Aggregator] Synced at 03:24:42
[Aggregator] Synced at 03:29:42
[Aggregator] Synced at 03:34:42
[Aggregator] Synced at 03:39:42
[Aggregator] Synced at 03:44:42
[Aggregator] Synced at 03:49:42
[Aggregator] Synced at 03:54:42
[Aggregator] Synced at 03:59:42
[Aggregator] Synced at 04:04:42
[Aggregator] Synced at 04:09:42
[Aggregator] Synced at 04:14:43
[Aggregator] Synced at 04:19:43
[Aggregator] Synced at 04:24:43
[Aggregator] Synced at 04:29:43
[Aggregator] Synced at 04:34:43
[Aggregator] Synced at 04:39:43
[Aggregator] Synced at 04:44:43
[Aggregator] Synced at 04:49:43
[Aggregator] Synced at 04:54:43
[Aggregator] Synced at 04:59:43
[Aggregator] Synced at 05:04:43
[Aggregator] Synced at 05:09:43
[Aggregator] Synced at 05:14:43
[Aggregator] Synced at 05:19:43
[Aggregator] Synced at 05:24:43
[Aggregator] Synced at 05:29:44
[Aggregator] Synced at 05:34:44
[Aggregator] Synced at 05:39:44
[Aggregator] Synced at 05:44:44
[Aggregator] Synced at 05:49:44
[Aggregator] Synced at 05:54:44
[Aggregator] Synced at 05:59:44
[Aggregator] Synced at 06:04:44
[Aggregator] Synced at 06:09:44
[Aggregator] Synced at 06:14:44
[Aggregator] Synced at 06:19:44
[Aggregator] Synced at 06:24:44
[Aggregator] Synced at 06:29:44
[Aggregator] Synced at 06:34:44
[Aggregator] Synced at 06:39:44
[Aggregator] Synced at 06:44:45
[Aggregator] Synced at 06:49:45
[Aggregator] Synced at 06:54:45
[Aggregator] Synced at 06:59:45
[Aggregator] Synced at 07:04:45
[Aggregator] Synced at 07:09:45
[Aggregator] Synced at 07:14:45
[Aggregator] Synced at 07:19:45
[Aggregator] Synced at 07:24:45
[Aggregator] Synced at 07:29:45
[Aggregator] Synced at 07:34:45
[Aggregator] Synced at 07:39:45
[Aggregator] Synced at 07:44:45
[Aggregator] Synced at 07:49:45
[Aggregator] Synced at 07:54:46
[Aggregator] Synced at 07:59:46
[Aggregator] Synced at 08:04:46
[Aggregator] Synced at 08:09:46
[Aggregator] Synced at 09:53:26
[Aggregator] Synced at 09:58:26
[Aggregator] Synced at 10:03:26
[Aggregator] Synced at 10:08:26
[Aggregator] Synced at 10:13:26
[Aggregator] Synced at 10:18:26
[Aggregator] Synced at 10:23:26
[Aggregator] Synced at 10:28:26
[Aggregator] Synced at 10:33:26
[Aggregator] Synced at 10:38:26
[Aggregator] Synced at 10:43:26
[Aggregator] Synced at 10:48:27
[Aggregator] Synced at 10:53:27
[Aggregator] Synced at 10:58:27
[Aggregator] Synced at 11:03:27
[Aggregator] Synced at 11:08:27
[Aggregator] Synced at 11:13:27
[Aggregator] Synced at 11:18:27
[Aggregator] Synced at 11:23:27
[Aggregator] Synced at 11:28:27
[Aggregator] Synced at 11:33:27
[Aggregator] Synced at 12:13:41
[Aggregator] Synced at 12:18:41
[Aggregator] Synced at 12:23:41
[Aggregator] Synced at 12:28:41
[Aggregator] Synced at 12:33:41
[Aggregator] Synced at 12:38:41
[Aggregator] Synced at 12:43:41
[Aggregator] Synced at 12:48:41
[Aggregator] Synced at 12:53:41
[Aggregator] Synced at 12:58:41
[Aggregator] Synced at 13:03:41
[Aggregator] Synced at 13:08:41
[Aggregator] Synced at 13:13:41
[Aggregator] Synced at 13:18:41
[Aggregator] Synced at 13:25:04
[Aggregator] Synced at 13:30:04
[Aggregator] Synced at 13:35:04
[Aggregator] Synced at 13:40:04
[Aggregator] Synced at 13:45:04
[Aggregator] Synced at 16:16:12
[Aggregator] Synced at 17:09:52
[Aggregator] Synced at 17:14:52
[Aggregator] Synced at 17:19:52
[Aggregator] Synced at 17:24:52
[Aggregator] Synced at 17:29:52
[Aggregator] Synced at 17:34:52
[Aggregator] Synced at 17:39:52
[Aggregator] Synced at 17:44:52
[Aggregator] Synced at 17:49:52
[Aggregator] Synced at 17:54:52
[Aggregator] Synced at 17:59:52
[Aggregator] Synced at 18:04:52
[Aggregator] Synced at 18:09:53
[Aggregator] Synced at 18:14:53
[Aggregator] Synced at 18:19:53
[Aggregator] Synced at 18:24:53
[Aggregator] Synced at 19:24:21
[Aggregator] Synced at 19:29:21
[Aggregator] Synced at 19:34:21
[Aggregator] Synced at 19:39:21
[Aggregator] Synced at 19:44:21
[Aggregator] Synced at 19:49:21
[Aggregator] Synced at 19:54:21
[Aggregator] Synced at 19:59:21
[Aggregator] Synced at 20:04:21
[Aggregator] Synced at 20:09:21
[Aggregator] Synced at 20:14:21
[Aggregator] Synced at 20:19:21
[Aggregator] Synced at 20:24:21
[Aggregator] Synced at 20:29:21
[Aggregator] Synced at 20:34:22
[Aggregator] Synced at 20:39:22
[Aggregator] Synced at 20:59:07
[Aggregator] Synced at 21:04:07
[Aggregator] Synced at 21:09:07
[Aggregator] Synced at 21:14:07
[Aggregator] Synced at 21:19:07
[Aggregator] Synced at 21:24:08
[Aggregator] Synced at 21:29:08
[Aggregator] Synced at 21:34:08
[Aggregator] Synced at 21:39:08
[Aggregator] Synced at 21:44:08
[Aggregator] Synced at 21:49:08
[Aggregator] Synced at 21:54:08
[Aggregator] Synced at 21:59:08
[Aggregator] Synced at 22:04:08
[Aggregator] Synced at 22:09:08
[Aggregator] Synced at 22:14:08
[Aggregator] Synced at 22:19:08
[Aggregator] Synced at 22:24:08
[Aggregator] Synced at 22:29:08
[Aggregator] Synced at 22:34:09
[Aggregator] Synced at 22:39:09
[Aggregator] Synced at 22:44:09
[Aggregator] Synced at 22:49:09
[Aggregator] Synced at 22:54:09
[Aggregator] Synced at 22:59:09
[Aggregator] Synced at 23:04:09
[Aggregator] Synced at 23:09:09
[Aggregator] Synced at 01:14:16
[Aggregator] Synced at 03:09:37
[Aggregator] Synced at 03:14:37
[Aggregator] Synced at 03:19:37
[Aggregator] Synced at 03:24:37
[Aggregator] Synced at 03:29:37
[Aggregator] Synced at 03:34:37
[Aggregator] Synced at 03:39:37
[Aggregator] Synced at 03:44:37
[Aggregator] Synced at 03:49:37
[Aggregator] Synced at 03:54:37
[Aggregator] Synced at 03:59:37